<?xml version="1.0" encoding="UTF-8"?>
<!-- Generated by org.testng.reporters.JUnitXMLReporter -->
<testsuite hostname="GUNDEEP" ignored="0" name="Test" tests="5" failures="0" timestamp="18 Dec 2017 08:36:05 GMT" time="62.459" errors="0">
  <testcase name="navigateToAccessoriesPage" time="26.595" classname="com.demoqa.store.tests.BuyMagicMouseTest"/>
  <testcase name="addMagicMouseToCart" time="5.081" classname="com.demoqa.store.tests.BuyMagicMouseTest"/>
  <testcase name="confirmMagicMouseInCart" time="0.319" classname="com.demoqa.store.tests.BuyMagicMouseTest"/>
  <testcase name="enterBillingDetails" time="20.683" classname="com.demoqa.store.tests.BuyMagicMouseTest"/>
  <testcase name="confirmOrder" time="0.056" classname="com.demoqa.store.tests.BuyMagicMouseTest"/>
</testsuite> <!-- Test -->
